<?xml version="1.0" encoding="UTF-8"?>
<!-- Generated by org.testng.reporters.JUnitReportReporter -->
<testsuite hostname="GGN000179422001" name="runner.TestRunner" tests="1" failures="1" timestamp="11 Jul 2019 06:23:37 GMT" time="0.208" errors="0">
  <testcase name="runScenario" time="0.208" classname="runner.TestRunner">
    <failure type="java.lang.NoClassDefFoundError" message="LAuthorDetails;">
      <![CDATA[java.lang.NoClassDefFoundError: LAuthorDetails;
	at java.lang.Class.getDeclaredFields0(Native Method)
	at java.lang.Class.privateGetDeclaredFields(Class.java:2583)
	at java.lang.Class.getDeclaredFields(Class.java:1916)
	at org.picocontainer.injectors.AdaptingInjection$2.run(AdaptingInjection.java:217)
	at java.security.AccessController.doPrivileged(Native Method)
	at org.picocontainer.injectors.AdaptingInjection.injectionFieldAnnotated(AdaptingInjection.java:209)
	at org.picocontainer.injectors.AdaptingInjection.fieldAnnotatedInjectionAdapter(AdaptingInjection.java:188)
	at org.picocontainer.injectors.AdaptingInjection.createComponentAdapter(AdaptingInjection.java:57)
	at org.picocontainer.behaviors.AbstractBehaviorFactory.createComponentAdapter(AbstractBehaviorFactory.java:44)
	at org.picocontainer.behaviors.Caching.createComponentAdapter(Caching.java:46)
	at org.picocontainer.DefaultPicoContainer.addComponent(DefaultPicoContainer.java:536)
	at org.picocontainer.DefaultPicoContainer.addComponent(DefaultPicoContainer.java:501)
	at org.picocontainer.DefaultPicoContainer.addComponent(DefaultPicoContainer.java:488)
	at cucumber.runtime.java.picocontainer.PicoFactory.start(PicoFactory.java:22)
	at cucumber.runtime.java.JavaBackend.buildWorld(JavaBackend.java:114)
	at cucumber.runner.Runner.buildBackendWorlds(Runner.java:120)
	at cucumber.runner.Runner.runPickle(Runner.java:38)
	at cucumber.api.testng.TestNGCucumberRunner.runScenario(TestNGCucumberRunner.java:68)
	at cucumber.api.testng.AbstractTestNGCucumberTests.runScenario(AbstractTestNGCucumberTests.java:22)
	at sun.reflect.NativeMethodAccessorImpl.invoke0(Native Method)
	at sun.reflect.NativeMethodAccessorImpl.invoke(NativeMethodAccessorImpl.java:62)
	at sun.reflect.DelegatingMethodAccessorImpl.invoke(DelegatingMethodAccessorImpl.java:43)
	at java.lang.reflect.Method.invoke(Method.java:498)
	at org.testng.internal.MethodInvocationHelper.invokeMethod(MethodInvocationHelper.java:80)
	at org.testng.internal.Invoker.invokeMethod(Invoker.java:714)
	at org.testng.internal.Invoker.invokeTestMethod(Invoker.java:901)
	at org.testng.internal.Invoker.invokeTestMethods(Invoker.java:1231)
	at org.testng.internal.TestMethodWorker.invokeTestMethods(TestMethodWorker.java:127)
	at org.testng.internal.TestMethodWorker.run(TestMethodWorker.java:111)
	at org.testng.TestRunner.privateRun(TestRunner.java:767)
	at org.testng.TestRunner.run(TestRunner.java:617)
	at org.testng.SuiteRunner.runTest(SuiteRunner.java:334)
	at org.testng.SuiteRunner.runSequentially(SuiteRunner.java:329)
	at org.testng.SuiteRunner.privateRun(SuiteRunner.java:291)
	at org.testng.SuiteRunner.run(SuiteRunner.java:240)
	at org.testng.SuiteRunnerWorker.runSuite(SuiteRunnerWorker.java:52)
	at org.testng.SuiteRunnerWorker.run(SuiteRunnerWorker.java:86)
	at org.testng.TestNG.runSuitesSequentially(TestNG.java:1198)
	at org.testng.TestNG.runSuitesLocally(TestNG.java:1123)
	at org.testng.TestNG.run(TestNG.java:1031)
	at org.testng.remote.AbstractRemoteTestNG.run(AbstractRemoteTestNG.java:126)
	at org.testng.remote.RemoteTestNG.initAndRun(RemoteTestNG.java:152)
	at org.testng.remote.RemoteTestNG.main(RemoteTestNG.java:57)
Caused by: java.lang.ClassNotFoundException: AuthorDetails
	at java.net.URLClassLoader.findClass(URLClassLoader.java:381)
	at java.lang.ClassLoader.loadClass(ClassLoader.java:424)
	at sun.misc.Launcher$AppClassLoader.loadClass(Launcher.java:349)
	at java.lang.ClassLoader.loadClass(ClassLoader.java:357)
	... 43 more
]]>
    </failure>
  </testcase> <!-- runScenario -->
</testsuite> <!-- runner.TestRunner -->
